#
# There is insufficient memory for the Java Runtime Environment to continue.
# Native memory allocation (malloc) failed to allocate 2447472 bytes for Chunk::new
# Possible reasons:
#   The system is out of physical RAM or swap space
#   The process is running with CompressedOops enabled, and the Java Heap may be blocking the growth of the native heap
# Possible solutions:
#   Reduce memory load on the system
#   Increase physical memory or swap space
#   Check if swap backing store is full
#   Decrease Java heap size (-Xmx/-Xms)
#   Decrease number of Java threads
#   Decrease Java thread stack sizes (-Xss)
#   Set larger code cache with -XX:ReservedCodeCacheSize=
#   JVM is running with Unscaled Compressed Oops mode in which the Java heap is
#     placed in the first 4GB address space. The Java Heap base address is the
#     maximum limit for the native heap growth. Please use -XX:HeapBaseMinAddress
#     to set the Java Heap base and to place the Java Heap above 4GB virtual address.
# This output file may be truncated or incomplete.
#
#  Out of Memory Error (arena.cpp:189), pid=30344, tid=82448
#
# JRE version: OpenJDK Runtime Environment Temurin-17.0.5+8 (17.0.5+8) (build 17.0.5+8)
# Java VM: OpenJDK 64-Bit Server VM Temurin-17.0.5+8 (17.0.5+8, mixed mode, tiered, compressed oops, compressed class ptrs, parallel gc, windows-amd64)
# No core dump will be written. Minidumps are not enabled by default on client versions of Windows
#

---------------  S U M M A R Y ------------

Command Line: --add-modules=ALL-SYSTEM --add-opens=java.base/java.util=ALL-UNNAMED --add-opens=java.base/java.lang=ALL-UNNAMED --add-opens=java.base/sun.nio.fs=ALL-UNNAMED -Declipse.application=org.eclipse.jdt.ls.core.id1 -Dosgi.bundles.defaultStartLevel=4 -Declipse.product=org.eclipse.jdt.ls.core.product -Djava.import.generatesMetadataFilesAtProjectRoot=false -Dfile.encoding=utf8 -XX:+UseParallelGC -XX:GCTimeRatio=4 -XX:AdaptiveSizePolicyWeight=90 -Dsun.zip.disableMemoryMapping=true -Xmx1G -Xms100m -Xlog:disable -javaagent:c:\Users\septy\.vscode\extensions\redhat.java-1.14.0-win32-x64\lombok\lombok-1.18.24.jar -XX:+HeapDumpOnOutOfMemoryError -XX:HeapDumpPath=c:\Users\septy\AppData\Roaming\Code\User\workspaceStorage\b0cf0aeb18c223d29307a6c23a04bc16\redhat.java c:\Users\septy\.vscode\extensions\redhat.java-1.14.0-win32-x64\server\plugins\org.eclipse.equinox.launcher_1.6.400.v20210924-0641.jar -configuration c:\Users\septy\AppData\Roaming\Code\User\globalStorage\redhat.java\1.14.0\config_win -data c:\Users\septy\AppData\Roaming\Code\User\workspaceStorage\b0cf0aeb18c223d29307a6c23a04bc16\redhat.java\jdt_ws

Host: AMD Ryzen 3 5300U with Radeon Graphics         , 8 cores, 3G,  Windows 11 , 64 bit Build 22000 (10.0.22000.1335)
Time: Sun Feb  5 07:57:47 2023 SE Asia Standard Time elapsed time: 29.302218 seconds (0d 0h 0m 29s)

---------------  T H R E A D  ---------------

Current thread (0x000001bb348628c0):  JavaThread "C2 CompilerThread0" daemon [_thread_in_native, id=82448, stack(0x0000008415800000,0x0000008415900000)]


Current CompileTask:
C2:  29302 8492   !   4       org.eclipse.jdt.internal.core.search.indexing.BinaryIndexer::indexDocument (1144 bytes)

Stack: [0x0000008415800000,0x0000008415900000]
Native frames: (J=compiled Java code, j=interpreted, Vv=VM code, C=native code)
V  [jvm.dll+0x676b3a]
V  [jvm.dll+0x831444]
V  [jvm.dll+0x832bee]
V  [jvm.dll+0x833253]
V  [jvm.dll+0x244ce5]
V  [jvm.dll+0xabbac]
V  [jvm.dll+0xac17c]
V  [jvm.dll+0x362d57]
V  [jvm.dll+0x1bb498]
V  [jvm.dll+0x217ca9]
V  [jvm.dll+0x216f71]
V  [jvm.dll+0x1a343d]
V  [jvm.dll+0x22698a]
V  [jvm.dll+0x224ac5]
V  [jvm.dll+0x7e727b]
V  [jvm.dll+0x7e17ea]
V  [jvm.dll+0x6759e5]
C  [ucrtbase.dll+0x26c0c]
C  [KERNEL32.DLL+0x155a0]
C  [ntdll.dll+0x485b]


---------------  P R O C E S S  ---------------

Threads class SMR info:
_java_thread_list=0x000001bb390c37d0, length=29, elements={
0x000001bb1cf40f90, 0x000001bb32d179b0, 0x000001bb34831f40, 0x000001bb34844f30,
0x000001bb32d1e160, 0x000001bb32d1ea20, 0x000001bb34861cd0, 0x000001bb348628c0,
0x000001bb348c8fd0, 0x000001bb348c9c80, 0x000001bb3493a510, 0x000001bb34c0e2f0,
0x000001bb35cb6610, 0x000001bb35cb6140, 0x000001bb35cb7950, 0x000001bb35cb4460,
0x000001bb35cb4e00, 0x000001bb35cb52d0, 0x000001bb35cb6ae0, 0x000001bb35cb57a0,
0x000001bb35cb6fb0, 0x000001bb35cb3f90, 0x000001bb35cb5c70, 0x000001bb35a002d0,
0x000001bb35a007a0, 0x000001bb359fb100, 0x000001bb359fd2b0, 0x000001bb35a00c70,
0x000001bb35a01ae0
}

Java Threads: ( => current thread )
  0x000001bb1cf40f90 JavaThread "main" [_thread_blocked, id=85252, stack(0x0000008414e00000,0x0000008414f00000)]
  0x000001bb32d179b0 JavaThread "Reference Handler" daemon [_thread_blocked, id=5772, stack(0x0000008415200000,0x0000008415300000)]
  0x000001bb34831f40 JavaThread "Finalizer" daemon [_thread_blocked, id=84156, stack(0x0000008415300000,0x0000008415400000)]
  0x000001bb34844f30 JavaThread "Signal Dispatcher" daemon [_thread_blocked, id=85272, stack(0x0000008415400000,0x0000008415500000)]
  0x000001bb32d1e160 JavaThread "Attach Listener" daemon [_thread_blocked, id=51652, stack(0x0000008415500000,0x0000008415600000)]
  0x000001bb32d1ea20 JavaThread "Service Thread" daemon [_thread_blocked, id=76712, stack(0x0000008415600000,0x0000008415700000)]
  0x000001bb34861cd0 JavaThread "Monitor Deflation Thread" daemon [_thread_blocked, id=76144, stack(0x0000008415700000,0x0000008415800000)]
=>0x000001bb348628c0 JavaThread "C2 CompilerThread0" daemon [_thread_in_native, id=82448, stack(0x0000008415800000,0x0000008415900000)]
  0x000001bb348c8fd0 JavaThread "C1 CompilerThread0" daemon [_thread_blocked, id=81652, stack(0x0000008415900000,0x0000008415a00000)]
  0x000001bb348c9c80 JavaThread "Sweeper thread" daemon [_thread_blocked, id=60272, stack(0x0000008415a00000,0x0000008415b00000)]
  0x000001bb3493a510 JavaThread "Common-Cleaner" daemon [_thread_blocked, id=51944, stack(0x0000008415b00000,0x0000008415c00000)]
  0x000001bb34c0e2f0 JavaThread "Notification Thread" daemon [_thread_blocked, id=80720, stack(0x0000008415c00000,0x0000008415d00000)]
  0x000001bb35cb6610 JavaThread "Active Thread: Equinox Container: 3cd7881c-d588-44e0-bf9c-36640f4318a0" [_thread_blocked, id=76340, stack(0x0000008416400000,0x0000008416500000)]
  0x000001bb35cb6140 JavaThread "Framework Event Dispatcher: Equinox Container: 3cd7881c-d588-44e0-bf9c-36640f4318a0" daemon [_thread_blocked, id=70528, stack(0x0000008416500000,0x0000008416600000)]
  0x000001bb35cb7950 JavaThread "Start Level: Equinox Container: 3cd7881c-d588-44e0-bf9c-36640f4318a0" daemon [_thread_blocked, id=82760, stack(0x0000008416600000,0x0000008416700000)]
  0x000001bb35cb4460 JavaThread "SCR Component Actor" daemon [_thread_blocked, id=62288, stack(0x0000008416700000,0x0000008416800000)]
  0x000001bb35cb4e00 JavaThread "Bundle File Closer" daemon [_thread_blocked, id=59016, stack(0x0000008416a00000,0x0000008416b00000)]
  0x000001bb35cb52d0 JavaThread "Worker-JM" [_thread_blocked, id=47876, stack(0x0000008416b00000,0x0000008416c00000)]
  0x000001bb35cb6ae0 JavaThread "Worker-0: Refreshing workspace" [_thread_blocked, id=58288, stack(0x0000008416c00000,0x0000008416d00000)]
  0x000001bb35cb57a0 JavaThread "Worker-1" [_thread_blocked, id=79584, stack(0x0000008416d00000,0x0000008416e00000)]
  0x000001bb35cb6fb0 JavaThread "Worker-2" [_thread_blocked, id=81372, stack(0x0000008416e00000,0x0000008416f00000)]
  0x000001bb35cb3f90 JavaThread "Worker-3: Initialize workspace" [_thread_blocked, id=55756, stack(0x0000008416f00000,0x0000008417000000)]
  0x000001bb35cb5c70 JavaThread "Java indexing" daemon [_thread_in_Java, id=62188, stack(0x0000008417000000,0x0000008417100000)]
  0x000001bb35a002d0 JavaThread "JNA Cleaner" daemon [_thread_blocked, id=60100, stack(0x0000008417100000,0x0000008417200000)]
  0x000001bb35a007a0 JavaThread "pool-2-thread-1" [_thread_blocked, id=27416, stack(0x0000008417200000,0x0000008417300000)]
  0x000001bb359fb100 JavaThread "pool-1-thread-1" [_thread_in_native, id=85372, stack(0x0000008417300000,0x0000008417400000)]
  0x000001bb359fd2b0 JavaThread "Worker-4: Java indexing... " [_thread_blocked, id=78160, stack(0x0000008417400000,0x0000008417500000)]
  0x000001bb35a00c70 JavaThread "ForkJoinPool.commonPool-worker-1" daemon [_thread_in_vm, id=83136, stack(0x0000008417700000,0x0000008417800000)]
  0x000001bb35a01ae0 JavaThread "Worker-5" [_thread_blocked, id=42032, stack(0x0000008417600000,0x0000008417700000)]

Other Threads:
  0x000001bb32bba470 VMThread "VM Thread" [stack: 0x0000008415100000,0x0000008415200000] [id=62812]
  0x000001bb34c0e7c0 WatcherThread [stack: 0x0000008415d00000,0x0000008415e00000] [id=76668]
  0x000001bb1cf59290 GCTaskThread "GC Thread#0" [stack: 0x0000008415000000,0x0000008415100000] [id=82312]
  0x000001bb35aad260 GCTaskThread "GC Thread#1" [stack: 0x0000008415e00000,0x0000008415f00000] [id=75448]
  0x000001bb35cee840 GCTaskThread "GC Thread#2" [stack: 0x0000008415f00000,0x0000008416000000] [id=54048]
  0x000001bb35ceeaf0 GCTaskThread "GC Thread#3" [stack: 0x0000008416000000,0x0000008416100000] [id=81264]
  0x000001bb35ceeda0 GCTaskThread "GC Thread#4" [stack: 0x0000008416100000,0x0000008416200000] [id=25648]
  0x000001bb35cef050 GCTaskThread "GC Thread#5" [stack: 0x0000008416200000,0x0000008416300000] [id=70748]
  0x000001bb35cef300 GCTaskThread "GC Thread#6" [stack: 0x0000008416300000,0x0000008416400000] [id=83304]
  0x000001bb35dd1d00 GCTaskThread "GC Thread#7" [stack: 0x0000008416800000,0x0000008416900000] [id=81376]

Threads with active compile tasks:
C2 CompilerThread0    29497 8492   !   4       org.eclipse.jdt.internal.core.search.indexing.BinaryIndexer::indexDocument (1144 bytes)

VM state: not at safepoint (normal execution)

VM Mutex/Monitor currently owned by a thread: None

Heap address: 0x00000000c0000000, size: 1024 MB, Compressed Oops mode: 32-bit

CDS archive(s) not mapped
Compressed class space mapped at: 0x0000000100000000-0x0000000140000000, reserved size: 1073741824
Narrow klass base: 0x0000000000000000, Narrow klass shift: 3, Narrow klass range: 0x140000000

GC Precious Log:
 CPUs: 8 total, 8 available
 Memory: 3446M
 Large Page Support: Disabled
 NUMA Support: Disabled
 Compressed Oops: Enabled (32-bit)
 Alignments: Space 512K, Generation 512K, Heap 2M
 Heap Min Capacity: 100M
 Heap Initial Capacity: 100M
 Heap Max Capacity: 1G
 Pre-touch: Disabled
 Parallel Workers: 8

Heap:
 PSYoungGen      total 7168K, used 4349K [0x00000000eab00000, 0x00000000eb500000, 0x0000000100000000)
  eden space 6144K, 54% used [0x00000000eab00000,0x00000000eae41820,0x00000000eb100000)
  from space 1024K, 99% used [0x00000000eb180000,0x00000000eb27de88,0x00000000eb280000)
  to   space 2048K, 0% used [0x00000000eb300000,0x00000000eb300000,0x00000000eb500000)
 ParOldGen       total 139264K, used 138507K [0x00000000c0000000, 0x00000000c8800000, 0x00000000eab00000)
  object space 139264K, 99% used [0x00000000c0000000,0x00000000c8742e88,0x00000000c8800000)
 Metaspace       used 62778K, committed 63808K, reserved 1105920K
  class space    used 6746K, committed 7168K, reserved 1048576K

Card table byte_map: [0x000001bb30590000,0x000001bb307a0000] _byte_map_base: 0x000001bb2ff90000

Marking Bits: (ParMarkBitMap*) 0x00007ffaf0e50dd0
 Begin Bits: [0x000001bb30900000, 0x000001bb31900000)
 End Bits:   [0x000001bb31900000, 0x000001bb32900000)

Polling page: 0x000001bb1d010000

Metaspace:

Usage:
  Non-class:     54.72 MB used.
      Class:      6.59 MB used.
       Both:     61.31 MB used.

Virtual space:
  Non-class space:       56.00 MB reserved,      55.31 MB ( 99%) committed,  7 nodes.
      Class space:        1.00 GB reserved,       7.00 MB ( <1%) committed,  1 nodes.
             Both:        1.05 GB reserved,      62.31 MB (  6%) committed. 

Chunk freelists:
   Non-Class:  80.00 KB
       Class:  960.00 KB
        Both:  1.02 MB

MaxMetaspaceSize: unlimited
CompressedClassSpaceSize: 1.00 GB
Initial GC threshold: 21.00 MB
Current GC threshold: 98.69 MB
CDS: off
MetaspaceReclaimPolicy: balanced
 - commit_granule_bytes: 65536.
 - commit_granule_words: 8192.
 - virtual_space_node_default_size: 1048576.
 - enlarge_chunks_in_place: 1.
 - new_chunks_are_fully_committed: 0.
 - uncommit_free_chunks: 1.
 - use_allocation_guard: 0.
 - handle_deallocations: 1.


Internal statistics:

num_allocs_failed_limit: 10.
num_arena_births: 654.
num_arena_deaths: 14.
num_vsnodes_births: 8.
num_vsnodes_deaths: 0.
num_space_committed: 997.
num_space_uncommitted: 0.
num_chunks_returned_to_freelist: 24.
num_chunks_taken_from_freelist: 3026.
num_chunk_merges: 7.
num_chunk_splits: 1840.
num_chunks_enlarged: 1046.
num_purges: 2.
num_inconsistent_stats: 0.

CodeHeap 'non-profiled nmethods': size=120000Kb used=2992Kb max_used=2992Kb free=117007Kb
 bounds [0x000001bb28e70000, 0x000001bb29160000, 0x000001bb303a0000]
CodeHeap 'profiled nmethods': size=120000Kb used=14859Kb max_used=14859Kb free=105140Kb
 bounds [0x000001bb21940000, 0x000001bb227d0000, 0x000001bb28e70000]
CodeHeap 'non-nmethods': size=5760Kb used=1348Kb max_used=1385Kb free=4411Kb
 bounds [0x000001bb213a0000, 0x000001bb21610000, 0x000001bb21940000]
 total_blobs=8331 nmethods=7644 adapters=601
 compilation: enabled
              stopped_count=0, restarted_count=0
 full_count=0

Compilation events (20 events):
Event: 29.011 Thread 0x000001bb348c8fd0 8622       2       jdk.internal.loader.BuiltinClassLoader$2::run (5 bytes)
Event: 29.012 Thread 0x000001bb348c8fd0 nmethod 8622 0x000001bb2279ce10 code [0x000001bb2279cfa0, 0x000001bb2279d0c8]
Event: 29.159 Thread 0x000001bb348c8fd0 8623       2       java.util.IdentityHashMap$KeySet::iterator (12 bytes)
Event: 29.159 Thread 0x000001bb348c8fd0 nmethod 8623 0x000001bb2279d190 code [0x000001bb2279d320, 0x000001bb2279d4c8]
Event: 29.159 Thread 0x000001bb348c8fd0 8624       2       java.util.IdentityHashMap$KeyIterator::<init> (11 bytes)
Event: 29.160 Thread 0x000001bb348c8fd0 nmethod 8624 0x000001bb2279d590 code [0x000001bb2279d720, 0x000001bb2279d868]
Event: 29.160 Thread 0x000001bb348c8fd0 8625       2       java.util.concurrent.ConcurrentHashMap$ValueIterator::<init> (12 bytes)
Event: 29.161 Thread 0x000001bb348c8fd0 nmethod 8625 0x000001bb2279d910 code [0x000001bb2279daa0, 0x000001bb2279dbc8]
Event: 29.162 Thread 0x000001bb348c8fd0 8626       2       java.util.regex.Pattern::split (288 bytes)
Event: 29.165 Thread 0x000001bb348c8fd0 nmethod 8626 0x000001bb2279dc90 code [0x000001bb2279e000, 0x000001bb2279f248]
Event: 29.231 Thread 0x000001bb348c8fd0 8627       2       java.util.TreeSet::iterator (15 bytes)
Event: 29.231 Thread 0x000001bb348c8fd0 nmethod 8627 0x000001bb2279fd90 code [0x000001bb2279ff40, 0x000001bb227a0098]
Event: 29.231 Thread 0x000001bb348c8fd0 8628       2       java.util.TreeMap::navigableKeySet (27 bytes)
Event: 29.232 Thread 0x000001bb348c8fd0 nmethod 8628 0x000001bb227a0190 code [0x000001bb227a0320, 0x000001bb227a04b8]
Event: 29.232 Thread 0x000001bb348c8fd0 8629       2       java.util.TreeMap$KeySet::iterator (32 bytes)
Event: 29.233 Thread 0x000001bb348c8fd0 nmethod 8629 0x000001bb227a0590 code [0x000001bb227a0760, 0x000001bb227a0ab8]
Event: 29.233 Thread 0x000001bb348c8fd0 8630       2       java.util.TreeMap::keyIterator (13 bytes)
Event: 29.233 Thread 0x000001bb348c8fd0 nmethod 8630 0x000001bb227a0c90 code [0x000001bb227a0e20, 0x000001bb227a1058]
Event: 29.237 Thread 0x000001bb348c8fd0 8631       1       lombok.core.LombokNode::get (5 bytes)
Event: 29.237 Thread 0x000001bb348c8fd0 nmethod 8631 0x000001bb2915a610 code [0x000001bb2915a7a0, 0x000001bb2915a878]

GC Heap History (20 events):
Event: 27.929 GC heap before
{Heap before GC invocations=93 (full 5):
 PSYoungGen      total 7680K, used 7289K [0x00000000eab00000, 0x00000000eb400000, 0x0000000100000000)
  eden space 6144K, 99% used [0x00000000eab00000,0x00000000eb0f99a8,0x00000000eb100000)
  from space 1536K, 76% used [0x00000000eb280000,0x00000000eb3a4e18,0x00000000eb400000)
  to   space 1536K, 0% used [0x00000000eb100000,0x00000000eb100000,0x00000000eb280000)
 ParOldGen       total 139264K, used 126800K [0x00000000c0000000, 0x00000000c8800000, 0x00000000eab00000)
  object space 139264K, 91% used [0x00000000c0000000,0x00000000c7bd4128,0x00000000c8800000)
 Metaspace       used 60890K, committed 61952K, reserved 1105920K
  class space    used 6575K, committed 7040K, reserved 1048576K
}
Event: 27.933 GC heap after
{Heap after GC invocations=93 (full 5):
 PSYoungGen      total 7680K, used 1224K [0x00000000eab00000, 0x00000000eb400000, 0x0000000100000000)
  eden space 6144K, 0% used [0x00000000eab00000,0x00000000eab00000,0x00000000eb100000)
  from space 1536K, 79% used [0x00000000eb100000,0x00000000eb232088,0x00000000eb280000)
  to   space 1536K, 0% used [0x00000000eb280000,0x00000000eb280000,0x00000000eb400000)
 ParOldGen       total 139264K, used 127929K [0x00000000c0000000, 0x00000000c8800000, 0x00000000eab00000)
  object space 139264K, 91% used [0x00000000c0000000,0x00000000c7cee5b0,0x00000000c8800000)
 Metaspace       used 60890K, committed 61952K, reserved 1105920K
  class space    used 6575K, committed 7040K, reserved 1048576K
}
Event: 27.990 GC heap before
{Heap before GC invocations=94 (full 5):
 PSYoungGen      total 7680K, used 7368K [0x00000000eab00000, 0x00000000eb400000, 0x0000000100000000)
  eden space 6144K, 100% used [0x00000000eab00000,0x00000000eb100000,0x00000000eb100000)
  from space 1536K, 79% used [0x00000000eb100000,0x00000000eb232088,0x00000000eb280000)
  to   space 1536K, 0% used [0x00000000eb280000,0x00000000eb280000,0x00000000eb400000)
 ParOldGen       total 139264K, used 127929K [0x00000000c0000000, 0x00000000c8800000, 0x00000000eab00000)
  object space 139264K, 91% used [0x00000000c0000000,0x00000000c7cee5b0,0x00000000c8800000)
 Metaspace       used 60929K, committed 62016K, reserved 1105920K
  class space    used 6583K, committed 7040K, reserved 1048576K
}
Event: 27.994 GC heap after
{Heap after GC invocations=94 (full 5):
 PSYoungGen      total 7680K, used 1240K [0x00000000eab00000, 0x00000000eb400000, 0x0000000100000000)
  eden space 6144K, 0% used [0x00000000eab00000,0x00000000eab00000,0x00000000eb100000)
  from space 1536K, 80% used [0x00000000eb280000,0x00000000eb3b63c0,0x00000000eb400000)
  to   space 1536K, 0% used [0x00000000eb100000,0x00000000eb100000,0x00000000eb280000)
 ParOldGen       total 139264K, used 129032K [0x00000000c0000000, 0x00000000c8800000, 0x00000000eab00000)
  object space 139264K, 92% used [0x00000000c0000000,0x00000000c7e02200,0x00000000c8800000)
 Metaspace       used 60929K, committed 62016K, reserved 1105920K
  class space    used 6583K, committed 7040K, reserved 1048576K
}
Event: 28.049 GC heap before
{Heap before GC invocations=95 (full 5):
 PSYoungGen      total 7680K, used 7384K [0x00000000eab00000, 0x00000000eb400000, 0x0000000100000000)
  eden space 6144K, 100% used [0x00000000eab00000,0x00000000eb100000,0x00000000eb100000)
  from space 1536K, 80% used [0x00000000eb280000,0x00000000eb3b63c0,0x00000000eb400000)
  to   space 1536K, 0% used [0x00000000eb100000,0x00000000eb100000,0x00000000eb280000)
 ParOldGen       total 139264K, used 129032K [0x00000000c0000000, 0x00000000c8800000, 0x00000000eab00000)
  object space 139264K, 92% used [0x00000000c0000000,0x00000000c7e02200,0x00000000c8800000)
 Metaspace       used 60978K, committed 62016K, reserved 1105920K
  class space    used 6590K, committed 7040K, reserved 1048576K
}
Event: 28.052 GC heap after
{Heap after GC invocations=95 (full 5):
 PSYoungGen      total 7680K, used 1289K [0x00000000eab00000, 0x00000000eb400000, 0x0000000100000000)
  eden space 6144K, 0% used [0x00000000eab00000,0x00000000eab00000,0x00000000eb100000)
  from space 1536K, 83% used [0x00000000eb100000,0x00000000eb2425a8,0x00000000eb280000)
  to   space 1536K, 0% used [0x00000000eb280000,0x00000000eb280000,0x00000000eb400000)
 ParOldGen       total 139264K, used 130210K [0x00000000c0000000, 0x00000000c8800000, 0x00000000eab00000)
  object space 139264K, 93% used [0x00000000c0000000,0x00000000c7f288a0,0x00000000c8800000)
 Metaspace       used 60978K, committed 62016K, reserved 1105920K
  class space    used 6590K, committed 7040K, reserved 1048576K
}
Event: 28.110 GC heap before
{Heap before GC invocations=96 (full 5):
 PSYoungGen      total 7680K, used 7433K [0x00000000eab00000, 0x00000000eb400000, 0x0000000100000000)
  eden space 6144K, 100% used [0x00000000eab00000,0x00000000eb100000,0x00000000eb100000)
  from space 1536K, 83% used [0x00000000eb100000,0x00000000eb2425a8,0x00000000eb280000)
  to   space 1536K, 0% used [0x00000000eb280000,0x00000000eb280000,0x00000000eb400000)
 ParOldGen       total 139264K, used 130210K [0x00000000c0000000, 0x00000000c8800000, 0x00000000eab00000)
  object space 139264K, 93% used [0x00000000c0000000,0x00000000c7f288a0,0x00000000c8800000)
 Metaspace       used 61021K, committed 62080K, reserved 1105920K
  class space    used 6595K, committed 7040K, reserved 1048576K
}
Event: 28.113 GC heap after
{Heap after GC invocations=96 (full 5):
 PSYoungGen      total 7680K, used 1284K [0x00000000eab00000, 0x00000000eb400000, 0x0000000100000000)
  eden space 6144K, 0% used [0x00000000eab00000,0x00000000eab00000,0x00000000eb100000)
  from space 1536K, 83% used [0x00000000eb280000,0x00000000eb3c13d0,0x00000000eb400000)
  to   space 1536K, 0% used [0x00000000eb100000,0x00000000eb100000,0x00000000eb280000)
 ParOldGen       total 139264K, used 131429K [0x00000000c0000000, 0x00000000c8800000, 0x00000000eab00000)
  object space 139264K, 94% used [0x00000000c0000000,0x00000000c8059680,0x00000000c8800000)
 Metaspace       used 61021K, committed 62080K, reserved 1105920K
  class space    used 6595K, committed 7040K, reserved 1048576K
}
Event: 28.181 GC heap before
{Heap before GC invocations=97 (full 5):
 PSYoungGen      total 7680K, used 7428K [0x00000000eab00000, 0x00000000eb400000, 0x0000000100000000)
  eden space 6144K, 100% used [0x00000000eab00000,0x00000000eb100000,0x00000000eb100000)
  from space 1536K, 83% used [0x00000000eb280000,0x00000000eb3c13d0,0x00000000eb400000)
  to   space 1536K, 0% used [0x00000000eb100000,0x00000000eb100000,0x00000000eb280000)
 ParOldGen       total 139264K, used 131429K [0x00000000c0000000, 0x00000000c8800000, 0x00000000eab00000)
  object space 139264K, 94% used [0x00000000c0000000,0x00000000c8059680,0x00000000c8800000)
 Metaspace       used 61082K, committed 62144K, reserved 1105920K
  class space    used 6599K, committed 7040K, reserved 1048576K
}
Event: 28.185 GC heap after
{Heap after GC invocations=97 (full 5):
 PSYoungGen      total 7680K, used 1428K [0x00000000eab00000, 0x00000000eb400000, 0x0000000100000000)
  eden space 6144K, 0% used [0x00000000eab00000,0x00000000eab00000,0x00000000eb100000)
  from space 1536K, 93% used [0x00000000eb100000,0x00000000eb2653d8,0x00000000eb280000)
  to   space 1536K, 0% used [0x00000000eb280000,0x00000000eb280000,0x00000000eb400000)
 ParOldGen       total 139264K, used 132604K [0x00000000c0000000, 0x00000000c8800000, 0x00000000eab00000)
  object space 139264K, 95% used [0x00000000c0000000,0x00000000c817f068,0x00000000c8800000)
 Metaspace       used 61082K, committed 62144K, reserved 1105920K
  class space    used 6599K, committed 7040K, reserved 1048576K
}
Event: 28.372 GC heap before
{Heap before GC invocations=98 (full 5):
 PSYoungGen      total 7680K, used 7572K [0x00000000eab00000, 0x00000000eb400000, 0x0000000100000000)
  eden space 6144K, 100% used [0x00000000eab00000,0x00000000eb100000,0x00000000eb100000)
  from space 1536K, 93% used [0x00000000eb100000,0x00000000eb2653d8,0x00000000eb280000)
  to   space 1536K, 0% used [0x00000000eb280000,0x00000000eb280000,0x00000000eb400000)
 ParOldGen       total 139264K, used 132604K [0x00000000c0000000, 0x00000000c8800000, 0x00000000eab00000)
  object space 139264K, 95% used [0x00000000c0000000,0x00000000c817f068,0x00000000c8800000)
 Metaspace       used 61249K, committed 62272K, reserved 1105920K
  class space    used 6611K, committed 7040K, reserved 1048576K
}
Event: 28.375 GC heap after
{Heap after GC invocations=98 (full 5):
 PSYoungGen      total 7680K, used 1145K [0x00000000eab00000, 0x00000000eb400000, 0x0000000100000000)
  eden space 6144K, 0% used [0x00000000eab00000,0x00000000eab00000,0x00000000eb100000)
  from space 1536K, 74% used [0x00000000eb280000,0x00000000eb39e738,0x00000000eb400000)
  to   space 1536K, 0% used [0x00000000eb100000,0x00000000eb100000,0x00000000eb280000)
 ParOldGen       total 139264K, used 133815K [0x00000000c0000000, 0x00000000c8800000, 0x00000000eab00000)
  object space 139264K, 96% used [0x00000000c0000000,0x00000000c82add98,0x00000000c8800000)
 Metaspace       used 61249K, committed 62272K, reserved 1105920K
  class space    used 6611K, committed 7040K, reserved 1048576K
}
Event: 28.449 GC heap before
{Heap before GC invocations=99 (full 5):
 PSYoungGen      total 7680K, used 7242K [0x00000000eab00000, 0x00000000eb400000, 0x0000000100000000)
  eden space 6144K, 99% used [0x00000000eab00000,0x00000000eb0f4260,0x00000000eb100000)
  from space 1536K, 74% used [0x00000000eb280000,0x00000000eb39e738,0x00000000eb400000)
  to   space 1536K, 0% used [0x00000000eb100000,0x00000000eb100000,0x00000000eb280000)
 ParOldGen       total 139264K, used 133815K [0x00000000c0000000, 0x00000000c8800000, 0x00000000eab00000)
  object space 139264K, 96% used [0x00000000c0000000,0x00000000c82add98,0x00000000c8800000)
 Metaspace       used 61365K, committed 62400K, reserved 1105920K
  class space    used 6617K, committed 7040K, reserved 1048576K
}
Event: 28.454 GC heap after
{Heap after GC invocations=99 (full 5):
 PSYoungGen      total 7680K, used 1455K [0x00000000eab00000, 0x00000000eb400000, 0x0000000100000000)
  eden space 6144K, 0% used [0x00000000eab00000,0x00000000eab00000,0x00000000eb100000)
  from space 1536K, 94% used [0x00000000eb100000,0x00000000eb26be48,0x00000000eb280000)
  to   space 1536K, 0% used [0x00000000eb280000,0x00000000eb280000,0x00000000eb400000)
 ParOldGen       total 139264K, used 134807K [0x00000000c0000000, 0x00000000c8800000, 0x00000000eab00000)
  object space 139264K, 96% used [0x00000000c0000000,0x00000000c83a5d18,0x00000000c8800000)
 Metaspace       used 61365K, committed 62400K, reserved 1105920K
  class space    used 6617K, committed 7040K, reserved 1048576K
}
Event: 28.561 GC heap before
{Heap before GC invocations=100 (full 5):
 PSYoungGen      total 7680K, used 7592K [0x00000000eab00000, 0x00000000eb400000, 0x0000000100000000)
  eden space 6144K, 99% used [0x00000000eab00000,0x00000000eb0fe488,0x00000000eb100000)
  from space 1536K, 94% used [0x00000000eb100000,0x00000000eb26be48,0x00000000eb280000)
  to   space 1536K, 0% used [0x00000000eb280000,0x00000000eb280000,0x00000000eb400000)
 ParOldGen       total 139264K, used 134807K [0x00000000c0000000, 0x00000000c8800000, 0x00000000eab00000)
  object space 139264K, 96% used [0x00000000c0000000,0x00000000c83a5d18,0x00000000c8800000)
 Metaspace       used 61421K, committed 62464K, reserved 1105920K
  class space    used 6625K, committed 7104K, reserved 1048576K
}
Event: 28.567 GC heap after
{Heap after GC invocations=100 (full 5):
 PSYoungGen      total 7680K, used 1253K [0x00000000eab00000, 0x00000000eb400000, 0x0000000100000000)
  eden space 6144K, 0% used [0x00000000eab00000,0x00000000eab00000,0x00000000eb100000)
  from space 1536K, 81% used [0x00000000eb280000,0x00000000eb3b9538,0x00000000eb400000)
  to   space 1536K, 0% used [0x00000000eb100000,0x00000000eb100000,0x00000000eb280000)
 ParOldGen       total 139264K, used 136138K [0x00000000c0000000, 0x00000000c8800000, 0x00000000eab00000)
  object space 139264K, 97% used [0x00000000c0000000,0x00000000c84f2ae8,0x00000000c8800000)
 Metaspace       used 61421K, committed 62464K, reserved 1105920K
  class space    used 6625K, committed 7104K, reserved 1048576K
}
Event: 28.718 GC heap before
{Heap before GC invocations=101 (full 5):
 PSYoungGen      total 7680K, used 7397K [0x00000000eab00000, 0x00000000eb400000, 0x0000000100000000)
  eden space 6144K, 100% used [0x00000000eab00000,0x00000000eb100000,0x00000000eb100000)
  from space 1536K, 81% used [0x00000000eb280000,0x00000000eb3b9538,0x00000000eb400000)
  to   space 1536K, 0% used [0x00000000eb100000,0x00000000eb100000,0x00000000eb280000)
 ParOldGen       total 139264K, used 136138K [0x00000000c0000000, 0x00000000c8800000, 0x00000000eab00000)
  object space 139264K, 97% used [0x00000000c0000000,0x00000000c84f2ae8,0x00000000c8800000)
 Metaspace       used 61522K, committed 62656K, reserved 1105920K
  class space    used 6641K, committed 7104K, reserved 1048576K
}
Event: 28.722 GC heap after
{Heap after GC invocations=101 (full 5):
 PSYoungGen      total 7680K, used 916K [0x00000000eab00000, 0x00000000eb400000, 0x0000000100000000)
  eden space 6144K, 0% used [0x00000000eab00000,0x00000000eab00000,0x00000000eb100000)
  from space 1536K, 59% used [0x00000000eb100000,0x00000000eb1e5170,0x00000000eb280000)
  to   space 1536K, 0% used [0x00000000eb280000,0x00000000eb280000,0x00000000eb400000)
 ParOldGen       total 139264K, used 137309K [0x00000000c0000000, 0x00000000c8800000, 0x00000000eab00000)
  object space 139264K, 98% used [0x00000000c0000000,0x00000000c8617698,0x00000000c8800000)
 Metaspace       used 61522K, committed 62656K, reserved 1105920K
  class space    used 6641K, committed 7104K, reserved 1048576K
}
Event: 29.146 GC heap before
{Heap before GC invocations=102 (full 5):
 PSYoungGen      total 7680K, used 7060K [0x00000000eab00000, 0x00000000eb400000, 0x0000000100000000)
  eden space 6144K, 100% used [0x00000000eab00000,0x00000000eb100000,0x00000000eb100000)
  from space 1536K, 59% used [0x00000000eb100000,0x00000000eb1e5170,0x00000000eb280000)
  to   space 1536K, 0% used [0x00000000eb280000,0x00000000eb280000,0x00000000eb400000)
 ParOldGen       total 139264K, used 137309K [0x00000000c0000000, 0x00000000c8800000, 0x00000000eab00000)
  object space 139264K, 98% used [0x00000000c0000000,0x00000000c8617698,0x00000000c8800000)
 Metaspace       used 61914K, committed 62976K, reserved 1105920K
  class space    used 6674K, committed 7104K, reserved 1048576K
}
Event: 29.151 GC heap after
{Heap after GC invocations=102 (full 5):
 PSYoungGen      total 7168K, used 518K [0x00000000eab00000, 0x00000000eb380000, 0x0000000100000000)
  eden space 6144K, 0% used [0x00000000eab00000,0x00000000eab00000,0x00000000eb100000)
  from space 1024K, 50% used [0x00000000eb280000,0x00000000eb301830,0x00000000eb380000)
  to   space 1024K, 0% used [0x00000000eb180000,0x00000000eb180000,0x00000000eb280000)
 ParOldGen       total 139264K, used 138125K [0x00000000c0000000, 0x00000000c8800000, 0x00000000eab00000)
  object space 139264K, 99% used [0x00000000c0000000,0x00000000c86e3488,0x00000000c8800000)
 Metaspace       used 61914K, committed 62976K, reserved 1105920K
  class space    used 6674K, committed 7104K, reserved 1048576K
}

Dll operation events (13 events):
Event: 0.027 Loaded shared library c:\Users\septy\.vscode\extensions\redhat.java-1.14.0-win32-x64\jre\17.0.5-win32-x86_64\bin\java.dll
Event: 0.850 Loaded shared library c:\Users\septy\.vscode\extensions\redhat.java-1.14.0-win32-x64\jre\17.0.5-win32-x86_64\bin\zip.dll
Event: 0.856 Loaded shared library C:\Users\septy\.vscode\extensions\redhat.java-1.14.0-win32-x64\jre\17.0.5-win32-x86_64\bin\instrument.dll
Event: 0.908 Loaded shared library C:\Users\septy\.vscode\extensions\redhat.java-1.14.0-win32-x64\jre\17.0.5-win32-x86_64\bin\net.dll
Event: 0.917 Loaded shared library C:\Users\septy\.vscode\extensions\redhat.java-1.14.0-win32-x64\jre\17.0.5-win32-x86_64\bin\nio.dll
Event: 0.974 Loaded shared library C:\Users\septy\.vscode\extensions\redhat.java-1.14.0-win32-x64\jre\17.0.5-win32-x86_64\bin\zip.dll
Event: 1.012 Loaded shared library C:\Users\septy\.vscode\extensions\redhat.java-1.14.0-win32-x64\jre\17.0.5-win32-x86_64\bin\jimage.dll
Event: 1.145 Loaded shared library c:\Users\septy\.vscode\extensions\redhat.java-1.14.0-win32-x64\jre\17.0.5-win32-x86_64\bin\verify.dll
Event: 4.735 Loaded shared library C:\Users\septy\AppData\Roaming\Code\User\globalStorage\redhat.java\1.14.0\config_win\org.eclipse.equinox.launcher\org.eclipse.equinox.launcher.win32.win32.x86_64_1.2.700.v20221108-1024\eclipse_11801.dll
Event: 7.846 Loaded shared library C:\Users\septy\.vscode\extensions\redhat.java-1.14.0-win32-x64\jre\17.0.5-win32-x86_64\bin\management.dll
Event: 7.858 Loaded shared library C:\Users\septy\.vscode\extensions\redhat.java-1.14.0-win32-x64\jre\17.0.5-win32-x86_64\bin\management_ext.dll
Event: 12.046 Loaded shared library C:\Users\septy\AppData\Local\Temp\jna-109325155\jna15898826335108059342.dll
Event: 14.688 Loaded shared library C:\Users\septy\.vscode\extensions\redhat.java-1.14.0-win32-x64\jre\17.0.5-win32-x86_64\bin\sunmscapi.dll

Deoptimization events (20 events):
Event: 26.495 Thread 0x000001bb35a00c70 DEOPT PACKING pc=0x000001bb2913af10 sp=0x00000084177fe120
Event: 26.495 Thread 0x000001bb35a00c70 DEOPT UNPACKING pc=0x000001bb213f20a3 sp=0x00000084177fe0d0 mode 2
Event: 26.496 Thread 0x000001bb35a00c70 Uncommon trap: trap_request=0xffffffbe fr.pc=0x000001bb2913af10 relative=0x0000000000000650
Event: 26.496 Thread 0x000001bb35a00c70 Uncommon trap: reason=profile_predicate action=maybe_recompile pc=0x000001bb2913af10 method=org.eclipse.jdt.internal.core.util.HashtableOfArrayToObject.get([Ljava/lang/Object;)Ljava/lang/Object; @ 64 c2
Event: 26.496 Thread 0x000001bb35a00c70 DEOPT PACKING pc=0x000001bb2913af10 sp=0x00000084177fde90
Event: 26.496 Thread 0x000001bb35a00c70 DEOPT UNPACKING pc=0x000001bb213f20a3 sp=0x00000084177fde40 mode 2
Event: 26.496 Thread 0x000001bb35a00c70 Uncommon trap: trap_request=0xffffffbe fr.pc=0x000001bb2913af10 relative=0x0000000000000650
Event: 26.496 Thread 0x000001bb35a00c70 Uncommon trap: reason=profile_predicate action=maybe_recompile pc=0x000001bb2913af10 method=org.eclipse.jdt.internal.core.util.HashtableOfArrayToObject.get([Ljava/lang/Object;)Ljava/lang/Object; @ 64 c2
Event: 26.496 Thread 0x000001bb35a00c70 DEOPT PACKING pc=0x000001bb2913af10 sp=0x00000084177fe120
Event: 26.496 Thread 0x000001bb35a00c70 DEOPT UNPACKING pc=0x000001bb213f20a3 sp=0x00000084177fe0d0 mode 2
Event: 26.581 Thread 0x000001bb35cb3f90 DEOPT PACKING pc=0x000001bb223aaa2a sp=0x0000008416ffefa0
Event: 26.581 Thread 0x000001bb35cb3f90 DEOPT UNPACKING pc=0x000001bb213f2843 sp=0x0000008416ffe4c0 mode 0
Event: 26.735 Thread 0x000001bb35a00c70 DEOPT PACKING pc=0x000001bb2237d028 sp=0x00000084177fe880
Event: 26.735 Thread 0x000001bb35a00c70 DEOPT UNPACKING pc=0x000001bb213f2843 sp=0x00000084177fddb8 mode 0
Event: 27.541 Thread 0x000001bb35a00c70 Uncommon trap: trap_request=0xffffff45 fr.pc=0x000001bb28e8fe1c relative=0x000000000000017c
Event: 27.541 Thread 0x000001bb35a00c70 Uncommon trap: reason=unstable_if action=reinterpret pc=0x000001bb28e8fe1c method=org.eclipse.jdt.core.compiler.CharOperation.subarray([CII)[C @ 2 c2
Event: 27.541 Thread 0x000001bb35a00c70 DEOPT PACKING pc=0x000001bb28e8fe1c sp=0x00000084177fdf40
Event: 27.541 Thread 0x000001bb35a00c70 DEOPT UNPACKING pc=0x000001bb213f20a3 sp=0x00000084177fdf00 mode 2
Event: 27.583 Thread 0x000001bb35cb3f90 DEOPT PACKING pc=0x000001bb221d1d8f sp=0x0000008416ffeaa0
Event: 27.583 Thread 0x000001bb35cb3f90 DEOPT UNPACKING pc=0x000001bb213f2843 sp=0x0000008416ffdf80 mode 0

Classes unloaded (7 events):
Event: 8.132 Thread 0x000001bb32bba470 Unloading class 0x000000010021e400 'java/lang/invoke/LambdaForm$MH+0x000000010021e400'
Event: 8.132 Thread 0x000001bb32bba470 Unloading class 0x000000010021e000 'java/lang/invoke/LambdaForm$MH+0x000000010021e000'
Event: 8.132 Thread 0x000001bb32bba470 Unloading class 0x000000010021dc00 'java/lang/invoke/LambdaForm$MH+0x000000010021dc00'
Event: 8.132 Thread 0x000001bb32bba470 Unloading class 0x000000010021d800 'java/lang/invoke/LambdaForm$MH+0x000000010021d800'
Event: 8.132 Thread 0x000001bb32bba470 Unloading class 0x000000010021d000 'java/lang/invoke/LambdaForm$BMH+0x000000010021d000'
Event: 8.132 Thread 0x000001bb32bba470 Unloading class 0x000000010021cc00 'java/lang/invoke/LambdaForm$DMH+0x000000010021cc00'
Event: 8.132 Thread 0x000001bb32bba470 Unloading class 0x000000010021a000 'java/lang/invoke/LambdaForm$DMH+0x000000010021a000'

Classes redefined (0 events):
No events

Internal exceptions (20 events):
Event: 26.055 Thread 0x000001bb35cb6fb0 Exception <a 'sun/nio/fs/WindowsException'{0x00000000eb13fef8}> (0x00000000eb13fef8) 
thrown [s\src\hotspot\share\prims\jni.cpp, line 516]
Event: 26.095 Thread 0x000001bb35cb6fb0 Exception <a 'sun/nio/fs/WindowsException'{0x00000000eb19a028}> (0x00000000eb19a028) 
thrown [s\src\hotspot\share\prims\jni.cpp, line 516]
Event: 26.121 Thread 0x000001bb35cb6fb0 Exception <a 'sun/nio/fs/WindowsException'{0x00000000eab08c90}> (0x00000000eab08c90) 
thrown [s\src\hotspot\share\prims\jni.cpp, line 516]
Event: 26.146 Thread 0x000001bb35cb6fb0 Exception <a 'sun/nio/fs/WindowsException'{0x00000000eab52cb8}> (0x00000000eab52cb8) 
thrown [s\src\hotspot\share\prims\jni.cpp, line 516]
Event: 26.156 Thread 0x000001bb35cb6fb0 Exception <a 'sun/nio/fs/WindowsException'{0x00000000eac4f8f0}> (0x00000000eac4f8f0) 
thrown [s\src\hotspot\share\prims\jni.cpp, line 516]
Event: 26.166 Thread 0x000001bb35cb6fb0 Exception <a 'sun/nio/fs/WindowsException'{0x00000000eacc4ac8}> (0x00000000eacc4ac8) 
thrown [s\src\hotspot\share\prims\jni.cpp, line 516]
Event: 26.329 Thread 0x000001bb359fb100 Exception <a 'sun/nio/fs/WindowsException'{0x00000000eb0bada0}> (0x00000000eb0bada0) 
thrown [s\src\hotspot\share\prims\jni.cpp, line 516]
Event: 26.341 Thread 0x000001bb359fb100 Exception <a 'sun/nio/fs/WindowsException'{0x00000000eb0cd470}> (0x00000000eb0cd470) 
thrown [s\src\hotspot\share\prims\jni.cpp, line 516]
Event: 26.353 Thread 0x000001bb359fb100 Exception <a 'java/lang/NoSuchMethodError'{0x00000000eb0e16a0}: 'java.lang.Object java.lang.invoke.DirectMethodHandle$Holder.invokeStatic(java.lang.Object, java.lang.Object, int, java.lang.Object)'> (0x00000000eb0e16a0) 
thrown [s\src\hotspot\share\interpreter\linkResolver.cpp, line 759]
Event: 26.526 Thread 0x000001bb35cb6fb0 Exception <a 'java/lang/NoSuchMethodError'{0x00000000eab45850}: static Lorg/eclipse/m2e/core/internal/project/registry/MavenProjectFacade$MavenProjectConfiguration;.<clinit>()V> (0x00000000eab45850) 
thrown [s\src\hotspot\share\prims\jni.cpp, line 1107]
Event: 26.530 Thread 0x000001bb35cb6fb0 Exception <a 'java/lang/NoSuchMethodError'{0x00000000eab69218}: static [J.<clinit>()V> (0x00000000eab69218) 
thrown [s\src\hotspot\share\prims\jni.cpp, line 1107]
Event: 26.546 Thread 0x000001bb359fb100 Exception <a 'java/lang/ClassNotFoundException'{0x00000000eabca928}: sun/util/logging/resources/spi/loggingProvider> (0x00000000eabca928) 
thrown [s\src\hotspot\share\classfile\systemDictionary.cpp, line 256]
Event: 26.912 Thread 0x000001bb35a00c70 Exception <a 'java/lang/NoSuchMethodError'{0x00000000eb26e5c0}: 'int java.lang.invoke.DirectMethodHandle$Holder.invokeStatic(java.lang.Object)'> (0x00000000eb26e5c0) 
thrown [s\src\hotspot\share\interpreter\linkResolver.cpp, line 759]
Event: 27.467 Thread 0x000001bb35a00c70 Exception <a 'sun/nio/fs/WindowsException'{0x00000000ead1aab0}> (0x00000000ead1aab0) 
thrown [s\src\hotspot\share\prims\jni.cpp, line 516]
Event: 27.469 Thread 0x000001bb35a00c70 Exception <a 'sun/nio/fs/WindowsException'{0x00000000ead1b660}> (0x00000000ead1b660) 
thrown [s\src\hotspot\share\prims\jni.cpp, line 516]
Event: 27.471 Thread 0x000001bb35a00c70 Exception <a 'sun/nio/fs/WindowsException'{0x00000000ead1c248}> (0x00000000ead1c248) 
thrown [s\src\hotspot\share\prims\jni.cpp, line 516]
Event: 27.492 Thread 0x000001bb35a00c70 Exception <a 'sun/nio/fs/WindowsException'{0x00000000eae81000}> (0x00000000eae81000) 
thrown [s\src\hotspot\share\prims\jni.cpp, line 516]
Event: 27.498 Thread 0x000001bb35a00c70 Exception <a 'sun/nio/fs/WindowsException'{0x00000000eae89cf8}> (0x00000000eae89cf8) 
thrown [s\src\hotspot\share\prims\jni.cpp, line 516]
Event: 27.504 Thread 0x000001bb35a00c70 Exception <a 'sun/nio/fs/WindowsException'{0x00000000eaeff1b8}> (0x00000000eaeff1b8) 
thrown [s\src\hotspot\share\prims\jni.cpp, line 516]
Event: 28.902 Thread 0x000001bb35a00c70 Exception <a 'java/lang/NoClassDefFoundError'{0x00000000eaf3a548}: org/eclipse/core/runtime/IPath> (0x00000000eaf3a548) 
thrown [s\src\hotspot\share\classfile\systemDictionary.cpp, line 245]

VM Operations (20 events):
Event: 27.929 Executing VM operation: ParallelGCFailedAllocation
Event: 27.934 Executing VM operation: ParallelGCFailedAllocation done
Event: 27.990 Executing VM operation: ParallelGCFailedAllocation
Event: 27.994 Executing VM operation: ParallelGCFailedAllocation done
Event: 28.049 Executing VM operation: ParallelGCFailedAllocation
Event: 28.053 Executing VM operation: ParallelGCFailedAllocation done
Event: 28.110 Executing VM operation: ParallelGCFailedAllocation
Event: 28.113 Executing VM operation: ParallelGCFailedAllocation done
Event: 28.180 Executing VM operation: ParallelGCFailedAllocation
Event: 28.186 Executing VM operation: ParallelGCFailedAllocation done
Event: 28.344 Executing VM operation: ParallelGCFailedAllocation
Event: 28.386 Executing VM operation: ParallelGCFailedAllocation done
Event: 28.443 Executing VM operation: ParallelGCFailedAllocation
Event: 28.478 Executing VM operation: ParallelGCFailedAllocation done
Event: 28.546 Executing VM operation: ParallelGCFailedAllocation
Event: 28.600 Executing VM operation: ParallelGCFailedAllocation done
Event: 28.718 Executing VM operation: ParallelGCFailedAllocation
Event: 28.722 Executing VM operation: ParallelGCFailedAllocation done
Event: 29.041 Executing VM operation: ParallelGCFailedAllocation
Event: 29.219 Executing VM operation: ParallelGCFailedAllocation done

Events (20 events):
Event: 26.779 Thread 0x000001bb35a01ae0 Thread added: 0x000001bb35a01ae0
Event: 27.538 loading class sun/nio/cs/ThreadLocalCoders
Event: 27.539 loading class sun/nio/cs/ThreadLocalCoders done
Event: 27.540 loading class sun/nio/cs/ThreadLocalCoders$1
Event: 27.540 loading class sun/nio/cs/ThreadLocalCoders$Cache
Event: 27.540 loading class sun/nio/cs/ThreadLocalCoders$Cache done
Event: 27.540 loading class sun/nio/cs/ThreadLocalCoders$1 done
Event: 27.540 loading class sun/nio/cs/ThreadLocalCoders$2
Event: 27.540 loading class sun/nio/cs/ThreadLocalCoders$2 done
Event: 27.645 loading class sun/security/ssl/Alert
Event: 27.646 loading class sun/security/ssl/Alert done
Event: 27.647 loading class sun/security/ssl/Alert$AlertConsumer
Event: 27.647 loading class sun/security/ssl/Alert$AlertConsumer done
Event: 27.647 loading class sun/security/ssl/Alert$Level
Event: 27.648 loading class sun/security/ssl/Alert$Level done
Event: 27.649 Thread 0x000001bb359fe120 Thread exited: 0x000001bb359fe120
Event: 28.824 loading class java/util/Collections$UnmodifiableSortedSet
Event: 28.825 loading class java/util/Collections$UnmodifiableSortedSet done
Event: 28.941 loading class java/util/regex/Pattern$Caret
Event: 28.942 loading class java/util/regex/Pattern$Caret done


Dynamic libraries:
0x00007ff6daec0000 - 0x00007ff6daece000 	c:\Users\septy\.vscode\extensions\redhat.java-1.14.0-win32-x64\jre\17.0.5-win32-x86_64\bin\java.exe
0x00007ffb36f80000 - 0x00007ffb37189000 	C:\WINDOWS\SYSTEM32\ntdll.dll
0x00007ffb36140000 - 0x00007ffb361fe000 	C:\WINDOWS\System32\KERNEL32.DLL
0x00007ffb34910000 - 0x00007ffb34c8b000 	C:\WINDOWS\System32\KERNELBASE.dll
0x00007ffb34770000 - 0x00007ffb34881000 	C:\WINDOWS\System32\ucrtbase.dll
0x00007ffb20b00000 - 0x00007ffb20b17000 	c:\Users\septy\.vscode\extensions\redhat.java-1.14.0-win32-x64\jre\17.0.5-win32-x86_64\bin\jli.dll
0x00007ffb368d0000 - 0x00007ffb36a7d000 	C:\WINDOWS\System32\USER32.dll
0x00007ffb34450000 - 0x00007ffb34476000 	C:\WINDOWS\System32\win32u.dll
0x00007ffb35a80000 - 0x00007ffb35aa9000 	C:\WINDOWS\System32\GDI32.dll
0x00007ffb34480000 - 0x00007ffb34598000 	C:\WINDOWS\System32\gdi32full.dll
0x00007ffb34660000 - 0x00007ffb346fd000 	C:\WINDOWS\System32\msvcp_win.dll
0x00007ffb20370000 - 0x00007ffb20389000 	c:\Users\septy\.vscode\extensions\redhat.java-1.14.0-win32-x64\jre\17.0.5-win32-x86_64\bin\VCRUNTIME140.dll
0x00007ffb1b4a0000 - 0x00007ffb1b745000 	C:\WINDOWS\WinSxS\amd64_microsoft.windows.common-controls_6595b64144ccf1df_6.0.22000.120_none_9d947278b86cc467\COMCTL32.dll
0x00007ffb36b00000 - 0x00007ffb36ba3000 	C:\WINDOWS\System32\msvcrt.dll
0x00007ffb35a40000 - 0x00007ffb35a72000 	C:\WINDOWS\System32\IMM32.DLL
0x00007ffb2f720000 - 0x00007ffb2f72c000 	c:\Users\septy\.vscode\extensions\redhat.java-1.14.0-win32-x64\jre\17.0.5-win32-x86_64\bin\vcruntime140_1.dll
0x00007ffb04600000 - 0x00007ffb04691000 	c:\Users\septy\.vscode\extensions\redhat.java-1.14.0-win32-x64\jre\17.0.5-win32-x86_64\bin\msvcp140.dll
0x00007ffaf02d0000 - 0x00007ffaf0f14000 	c:\Users\septy\.vscode\extensions\redhat.java-1.14.0-win32-x64\jre\17.0.5-win32-x86_64\bin\server\jvm.dll
0x00007ffb367b0000 - 0x00007ffb3685e000 	C:\WINDOWS\System32\ADVAPI32.dll
0x00007ffb36620000 - 0x00007ffb366be000 	C:\WINDOWS\System32\sechost.dll
0x00007ffb34f30000 - 0x00007ffb35050000 	C:\WINDOWS\System32\RPCRT4.dll
0x00007ffb2bad0000 - 0x00007ffb2bad9000 	C:\WINDOWS\SYSTEM32\WSOCK32.dll
0x00007ffb34e00000 - 0x00007ffb34e6f000 	C:\WINDOWS\System32\WS2_32.dll
0x00007ffb2e4b0000 - 0x00007ffb2e4e3000 	C:\WINDOWS\SYSTEM32\WINMM.dll
0x00007ffb2be00000 - 0x00007ffb2be0a000 	C:\WINDOWS\SYSTEM32\VERSION.dll
0x00007ffb334b0000 - 0x00007ffb334c8000 	C:\WINDOWS\SYSTEM32\kernel.appcore.dll
0x00007ffb2bb80000 - 0x00007ffb2bb8a000 	c:\Users\septy\.vscode\extensions\redhat.java-1.14.0-win32-x64\jre\17.0.5-win32-x86_64\bin\jimage.dll
0x00007ffb31fe0000 - 0x00007ffb32201000 	C:\WINDOWS\SYSTEM32\DBGHELP.DLL
0x00007ffb24350000 - 0x00007ffb24381000 	C:\WINDOWS\SYSTEM32\dbgcore.DLL
0x00007ffb34890000 - 0x00007ffb3490f000 	C:\WINDOWS\System32\bcryptPrimitives.dll
0x00007ffb27fc0000 - 0x00007ffb27fce000 	c:\Users\septy\.vscode\extensions\redhat.java-1.14.0-win32-x64\jre\17.0.5-win32-x86_64\bin\instrument.dll
0x00007ffb1dd60000 - 0x00007ffb1dd85000 	c:\Users\septy\.vscode\extensions\redhat.java-1.14.0-win32-x64\jre\17.0.5-win32-x86_64\bin\java.dll
0x00007ffb20000000 - 0x00007ffb20018000 	c:\Users\septy\.vscode\extensions\redhat.java-1.14.0-win32-x64\jre\17.0.5-win32-x86_64\bin\zip.dll
0x00007ffb351c0000 - 0x00007ffb35977000 	C:\WINDOWS\System32\SHELL32.dll
0x00007ffb32500000 - 0x00007ffb32d65000 	C:\WINDOWS\SYSTEM32\windows.storage.dll
0x00007ffb36bc0000 - 0x00007ffb36f38000 	C:\WINDOWS\System32\combase.dll
0x00007ffb32390000 - 0x00007ffb324f6000 	C:\WINDOWS\SYSTEM32\wintypes.dll
0x00007ffb350d0000 - 0x00007ffb351ba000 	C:\WINDOWS\System32\SHCORE.dll
0x00007ffb36aa0000 - 0x00007ffb36afd000 	C:\WINDOWS\System32\shlwapi.dll
0x00007ffb34380000 - 0x00007ffb343a1000 	C:\WINDOWS\SYSTEM32\profapi.dll
0x00007ffb1bc50000 - 0x00007ffb1bc69000 	C:\Users\septy\.vscode\extensions\redhat.java-1.14.0-win32-x64\jre\17.0.5-win32-x86_64\bin\net.dll
0x00007ffb2dc00000 - 0x00007ffb2dd14000 	C:\WINDOWS\SYSTEM32\WINHTTP.dll
0x00007ffb33970000 - 0x00007ffb339d7000 	C:\WINDOWS\system32\mswsock.dll
0x00007ffb1a590000 - 0x00007ffb1a5a5000 	C:\Users\septy\.vscode\extensions\redhat.java-1.14.0-win32-x64\jre\17.0.5-win32-x86_64\bin\nio.dll
0x00007ffb274e0000 - 0x00007ffb274f0000 	c:\Users\septy\.vscode\extensions\redhat.java-1.14.0-win32-x64\jre\17.0.5-win32-x86_64\bin\verify.dll
0x00007ffb0ccd0000 - 0x00007ffb0cd0e000 	C:\Users\septy\AppData\Roaming\Code\User\globalStorage\redhat.java\1.14.0\config_win\org.eclipse.equinox.launcher\org.eclipse.equinox.launcher.win32.win32.x86_64_1.2.700.v20221108-1024\eclipse_11801.dll
0x00007ffb36320000 - 0x00007ffb364ba000 	C:\WINDOWS\System32\ole32.dll
0x00007ffb26e40000 - 0x00007ffb26e49000 	C:\Users\septy\.vscode\extensions\redhat.java-1.14.0-win32-x64\jre\17.0.5-win32-x86_64\bin\management.dll
0x00007ffb26b60000 - 0x00007ffb26b6b000 	C:\Users\septy\.vscode\extensions\redhat.java-1.14.0-win32-x64\jre\17.0.5-win32-x86_64\bin\management_ext.dll
0x00007ffb34e70000 - 0x00007ffb34e78000 	C:\WINDOWS\System32\PSAPI.DLL
0x00007ffb33bb0000 - 0x00007ffb33bc8000 	C:\WINDOWS\SYSTEM32\CRYPTSP.dll
0x00007ffb33400000 - 0x00007ffb33435000 	C:\WINDOWS\system32\rsaenh.dll
0x00007ffb33a60000 - 0x00007ffb33a89000 	C:\WINDOWS\SYSTEM32\USERENV.dll
0x00007ffb33db0000 - 0x00007ffb33dd7000 	C:\WINDOWS\SYSTEM32\bcrypt.dll
0x00007ffb33bd0000 - 0x00007ffb33bdc000 	C:\WINDOWS\SYSTEM32\CRYPTBASE.dll
0x00007ffb32fd0000 - 0x00007ffb32ffd000 	C:\WINDOWS\SYSTEM32\IPHLPAPI.DLL
0x00007ffb364c0000 - 0x00007ffb364c9000 	C:\WINDOWS\System32\NSI.dll
0x00007ffb2e1a0000 - 0x00007ffb2e1b9000 	C:\WINDOWS\SYSTEM32\dhcpcsvc6.DLL
0x00007ffb2e550000 - 0x00007ffb2e56e000 	C:\WINDOWS\SYSTEM32\dhcpcsvc.DLL
0x00007ffb33040000 - 0x00007ffb33128000 	C:\WINDOWS\SYSTEM32\DNSAPI.dll
0x00007ffb04340000 - 0x00007ffb04380000 	C:\Users\septy\AppData\Local\Temp\jna-109325155\jna15898826335108059342.dll
0x00007ffb300b0000 - 0x00007ffb300be000 	C:\Users\septy\.vscode\extensions\redhat.java-1.14.0-win32-x64\jre\17.0.5-win32-x86_64\bin\sunmscapi.dll
0x00007ffb34c90000 - 0x00007ffb34df2000 	C:\WINDOWS\System32\CRYPT32.dll
0x00007ffb33d80000 - 0x00007ffb33da8000 	C:\WINDOWS\SYSTEM32\ncrypt.dll
0x00007ffb33cd0000 - 0x00007ffb33d07000 	C:\WINDOWS\SYSTEM32\NTASN1.dll
0x00007ffb274b0000 - 0x00007ffb274ba000 	C:\Windows\System32\rasadhlp.dll
0x00007ffb2bca0000 - 0x00007ffb2bd21000 	C:\WINDOWS\System32\fwpuclnt.dll

dbghelp: loaded successfully - version: 4.0.5 - missing functions: none
symbol engine: initialized successfully - sym options: 0x614 - pdb path: .;c:\Users\septy\.vscode\extensions\redhat.java-1.14.0-win32-x64\jre\17.0.5-win32-x86_64\bin;C:\WINDOWS\SYSTEM32;C:\WINDOWS\WinSxS\amd64_microsoft.windows.common-controls_6595b64144ccf1df_6.0.22000.120_none_9d947278b86cc467;c:\Users\septy\.vscode\extensions\redhat.java-1.14.0-win32-x64\jre\17.0.5-win32-x86_64\bin\server;C:\Users\septy\AppData\Roaming\Code\User\globalStorage\redhat.java\1.14.0\config_win\org.eclipse.equinox.launcher\org.eclipse.equinox.launcher.win32.win32.x86_64_1.2.700.v20221108-1024;C:\Users\septy\AppData\Local\Temp\jna-109325155

VM Arguments:
jvm_args: --add-modules=ALL-SYSTEM --add-opens=java.base/java.util=ALL-UNNAMED --add-opens=java.base/java.lang=ALL-UNNAMED --add-opens=java.base/sun.nio.fs=ALL-UNNAMED -Declipse.application=org.eclipse.jdt.ls.core.id1 -Dosgi.bundles.defaultStartLevel=4 -Declipse.product=org.eclipse.jdt.ls.core.product -Djava.import.generatesMetadataFilesAtProjectRoot=false -Dfile.encoding=utf8 -XX:+UseParallelGC -XX:GCTimeRatio=4 -XX:AdaptiveSizePolicyWeight=90 -Dsun.zip.disableMemoryMapping=true -Xmx1G -Xms100m -Xlog:disable -javaagent:c:\Users\septy\.vscode\extensions\redhat.java-1.14.0-win32-x64\lombok\lombok-1.18.24.jar -XX:+HeapDumpOnOutOfMemoryError -XX:HeapDumpPath=c:\Users\septy\AppData\Roaming\Code\User\workspaceStorage\b0cf0aeb18c223d29307a6c23a04bc16\redhat.java 
java_command: c:\Users\septy\.vscode\extensions\redhat.java-1.14.0-win32-x64\server\plugins\org.eclipse.equinox.launcher_1.6.400.v20210924-0641.jar -configuration c:\Users\septy\AppData\Roaming\Code\User\globalStorage\redhat.java\1.14.0\config_win -data c:\Users\septy\AppData\Roaming\Code\User\workspaceStorage\b0cf0aeb18c223d29307a6c23a04bc16\redhat.java\jdt_ws
java_class_path (initial): c:\Users\septy\.vscode\extensions\redhat.java-1.14.0-win32-x64\server\plugins\org.eclipse.equinox.launcher_1.6.400.v20210924-0641.jar
Launcher Type: SUN_STANDARD

[Global flags]
    uintx AdaptiveSizePolicyWeight                 = 90                                        {product} {command line}
     intx CICompilerCount                          = 4                                         {product} {ergonomic}
    uintx GCTimeRatio                              = 4                                         {product} {command line}
     bool HeapDumpOnOutOfMemoryError               = true                                   {manageable} {command line}
    ccstr HeapDumpPath                             = c:\Users\septy\AppData\Roaming\Code\User\workspaceStorage\b0cf0aeb18c223d29307a6c23a04bc16\redhat.java         {manageable} {command line}
   size_t InitialHeapSize                          = 104857600                                 {product} {command line}
   size_t MaxHeapSize                              = 1073741824                                {product} {command line}
   size_t MaxNewSize                               = 357564416                                 {product} {ergonomic}
   size_t MinHeapDeltaBytes                        = 524288                                    {product} {ergonomic}
   size_t MinHeapSize                              = 104857600                                 {product} {command line}
   size_t NewSize                                  = 34603008                                  {product} {ergonomic}
    uintx NonNMethodCodeHeapSize                   = 5839372                                {pd product} {ergonomic}
    uintx NonProfiledCodeHeapSize                  = 122909434                              {pd product} {ergonomic}
   size_t OldSize                                  = 70254592                                  {product} {ergonomic}
    uintx ProfiledCodeHeapSize                     = 122909434                              {pd product} {ergonomic}
    uintx ReservedCodeCacheSize                    = 251658240                              {pd product} {ergonomic}
     bool SegmentedCodeCache                       = true                                      {product} {ergonomic}
   size_t SoftMaxHeapSize                          = 1073741824                             {manageable} {ergonomic}
     bool UseCompressedClassPointers               = true                           {product lp64_product} {ergonomic}
     bool UseCompressedOops                        = true                           {product lp64_product} {ergonomic}
     bool UseLargePagesIndividualAllocation        = false                                  {pd product} {ergonomic}
     bool UseParallelGC                            = true                                      {product} {command line}

Logging:
Log output configuration:
 #0: stdout all=off uptime,level,tags
 #1: stderr all=off uptime,level,tags

Environment Variables:
JAVA_HOME=C:\Program Files\Java\jdk-19
PATH=C:\Program Files\Common Files\Oracle\Java\javapath;C:\WINDOWS\system32;C:\WINDOWS;C:\WINDOWS\System32\Wbem;C:\WINDOWS\System32\WindowsPowerShell\v1.0\;C:\WINDOWS\System32\OpenSSH\;C:\Program Files (x86)\dotnet\;C:\Program Files\Java\jdk-19\bin;C:\Program Files\Git\cmd;C:\Users\septy\AppData\Local\Microsoft\WindowsApps;C:\msys64\mingw64\bin;C:\Users\septy\AppData\Local\GitHubDesktop\bin
USERNAME=septy
OS=Windows_NT
PROCESSOR_IDENTIFIER=AMD64 Family 23 Model 104 Stepping 1, AuthenticAMD
TMP=C:\Users\septy\AppData\Local\Temp
TEMP=C:\Users\septy\AppData\Local\Temp



---------------  S Y S T E M  ---------------

OS:
 Windows 11 , 64 bit Build 22000 (10.0.22000.1335)
OS uptime: 8 days 10:39 hours
Hyper-V role detected

CPU: total 8 (initial active 8) (8 cores per cpu, 2 threads per core) family 23 model 104 stepping 1 microcode 0x0, cx8, cmov, fxsr, ht, mmx, 3dnowpref, sse, sse2, sse3, ssse3, sse4a, sse4.1, sse4.2, popcnt, lzcnt, tsc, tscinvbit, avx, avx2, aes, clmul, bmi1, bmi2, adx, sha, fma, vzeroupper, clflush, clflushopt, hv

Memory: 4k page, system-wide physical 3446M (51M free)
TotalPageFile size 14198M (AvailPageFile size 13M)
current process WorkingSet (physical memory assigned to process): 318M, peak: 332M
current process commit charge ("private bytes"): 359M, peak: 359M

vm_info: OpenJDK 64-Bit Server VM (17.0.5+8) for windows-amd64 JRE (17.0.5+8), built on Oct 19 2022 04:48:13 by "temurin" with MS VC++ 16.7 (VS2019)

END.
