#
# There is insufficient memory for the Java Runtime Environment to continue.
# Native memory allocation (malloc) failed to allocate 1048576 bytes for AllocateHeap
# Possible reasons:
#   The system is out of physical RAM or swap space
#   The process is running with CompressedOops enabled, and the Java Heap may be blocking the growth of the native heap
# Possible solutions:
#   Reduce memory load on the system
#   Increase physical memory or swap space
#   Check if swap backing store is full
#   Decrease Java heap size (-Xmx/-Xms)
#   Decrease number of Java threads
#   Decrease Java thread stack sizes (-Xss)
#   Set larger code cache with -XX:ReservedCodeCacheSize=
#   JVM is running with Unscaled Compressed Oops mode in which the Java heap is
#     placed in the first 4GB address space. The Java Heap base address is the
#     maximum limit for the native heap growth. Please use -XX:HeapBaseMinAddress
#     to set the Java Heap base and to place the Java Heap above 4GB virtual address.
# This output file may be truncated or incomplete.
#
#  Out of Memory Error (allocation.cpp:44), pid=83740, tid=79684
#
# JRE version:  (19.0.1+10) (build )
# Java VM: Java HotSpot(TM) 64-Bit Server VM (19.0.1+10-21, mixed mode, sharing, tiered, compressed oops, compressed class ptrs, g1 gc, windows-amd64)
# No core dump will be written. Minidumps are not enabled by default on client versions of Windows
#

---------------  S U M M A R Y ------------

Command Line: com.mycompany.kasus2.UpinIpin

Host: AMD Ryzen 3 5300U with Radeon Graphics         , 8 cores, 3G,  Windows 11 , 64 bit Build 22000 (10.0.22000.1335)
Time: Sun Feb  5 06:28:18 2023 SE Asia Standard Time elapsed time: 0.018494 seconds (0d 0h 0m 0s)

---------------  T H R E A D  ---------------

Current thread (0x00000274dd3be7a0):  JavaThread "Unknown thread" [_thread_in_vm, id=79684, stack(0x000000c8ad900000,0x000000c8ada00000)]

Stack: [0x000000c8ad900000,0x000000c8ada00000]
Native frames: (J=compiled Java code, j=interpreted, Vv=VM code, C=native code)
V  [jvm.dll+0x6ee8fa]
V  [jvm.dll+0x857a1e]
V  [jvm.dll+0x85940e]
V  [jvm.dll+0x859ac3]
V  [jvm.dll+0x28291f]
V  [jvm.dll+0xc40eb]
V  [jvm.dll+0x32a2d9]
V  [jvm.dll+0x821aeb]
V  [jvm.dll+0x3c27c1]
V  [jvm.dll+0x8022f1]
V  [jvm.dll+0x44b30f]
V  [jvm.dll+0x44cc91]
C  [jli.dll+0x5287]
C  [ucrtbase.dll+0x26c0c]
C  [KERNEL32.DLL+0x155a0]
C  [ntdll.dll+0x485b]


---------------  P R O C E S S  ---------------

Threads class SMR info:
_java_thread_list=0x00007ffa8d20d048, length=0, elements={
}

Java Threads: ( => current thread )

Other Threads:

=>0x00000274dd3be7a0 (exited) JavaThread "Unknown thread" [_thread_in_vm, id=79684, stack(0x000000c8ad900000,0x000000c8ada00000)]

Threads with active compile tasks:

VM state: not at safepoint (not fully initialized)

VM Mutex/Monitor currently owned by a thread: None

Heap address: 0x0000000000000000, size: 0 MB, Compressed Oops mode: 32-bit

CDS archive(s) mapped at: [0x0000000000000000-0x0000000000000000-0x0000000000000000), size 0, SharedBaseAddress: 0x0000000800000000, ArchiveRelocationMode: 0.
Narrow klass base: 0x0000000000000000, Narrow klass shift: 0, Narrow klass range: 0x0

GC Precious Log:
 CardTable entry size: 512
 Card Set container configuration: InlinePtr #cards 5 size 8 Array Of Cards #cards 12 size 40 Howl #buckets 4 coarsen threshold 1843 Howl Bitmap #cards 512 size 80 coarsen threshold 460 Card regions per heap region 1 cards per card region 2048

GC Heap History (0 events):
No events

Dll operation events (1 events):
Event: 0.012 Loaded shared library C:\Program Files\Java\jdk-19\bin\java.dll

Deoptimization events (0 events):
No events

Classes loaded (0 events):
No events

Classes unloaded (0 events):
No events

Classes redefined (0 events):
No events

Internal exceptions (0 events):
No events

VM Operations (0 events):
No events

Events (0 events):
No events


Dynamic libraries:
0x00007ff749150000 - 0x00007ff749160000 	C:\Program Files\Java\jdk-19\bin\java.exe
0x00007ffb36f80000 - 0x00007ffb37189000 	C:\WINDOWS\SYSTEM32\ntdll.dll
0x00007ffb36140000 - 0x00007ffb361fe000 	C:\WINDOWS\System32\KERNEL32.DLL
0x00007ffb34910000 - 0x00007ffb34c8b000 	C:\WINDOWS\System32\KERNELBASE.dll
0x00007ffb34770000 - 0x00007ffb34881000 	C:\WINDOWS\System32\ucrtbase.dll
0x00007ffb11170000 - 0x00007ffb11188000 	C:\Program Files\Java\jdk-19\bin\jli.dll
0x00007ffb13010000 - 0x00007ffb1302b000 	C:\Program Files\Java\jdk-19\bin\VCRUNTIME140.dll
0x00007ffb367b0000 - 0x00007ffb3685e000 	C:\WINDOWS\System32\ADVAPI32.dll
0x00007ffb36b00000 - 0x00007ffb36ba3000 	C:\WINDOWS\System32\msvcrt.dll
0x00007ffb36620000 - 0x00007ffb366be000 	C:\WINDOWS\System32\sechost.dll
0x00007ffb34f30000 - 0x00007ffb35050000 	C:\WINDOWS\System32\RPCRT4.dll
0x00007ffb368d0000 - 0x00007ffb36a7d000 	C:\WINDOWS\System32\USER32.dll
0x00007ffb34450000 - 0x00007ffb34476000 	C:\WINDOWS\System32\win32u.dll
0x00007ffb35a80000 - 0x00007ffb35aa9000 	C:\WINDOWS\System32\GDI32.dll
0x00007ffb34480000 - 0x00007ffb34598000 	C:\WINDOWS\System32\gdi32full.dll
0x00007ffb1b4a0000 - 0x00007ffb1b745000 	C:\WINDOWS\WinSxS\amd64_microsoft.windows.common-controls_6595b64144ccf1df_6.0.22000.120_none_9d947278b86cc467\COMCTL32.dll
0x00007ffb34660000 - 0x00007ffb346fd000 	C:\WINDOWS\System32\msvcp_win.dll
0x00007ffb2be00000 - 0x00007ffb2be0a000 	C:\WINDOWS\SYSTEM32\VERSION.dll
0x00007ffb35a40000 - 0x00007ffb35a72000 	C:\WINDOWS\System32\IMM32.DLL
0x00007ffb123d0000 - 0x00007ffb123dc000 	C:\Program Files\Java\jdk-19\bin\vcruntime140_1.dll
0x00007ffad8f60000 - 0x00007ffad8fee000 	C:\Program Files\Java\jdk-19\bin\msvcp140.dll
0x00007ffa8c690000 - 0x00007ffa8d350000 	C:\Program Files\Java\jdk-19\bin\server\jvm.dll
0x00007ffb2bad0000 - 0x00007ffb2bad9000 	C:\WINDOWS\SYSTEM32\WSOCK32.dll
0x00007ffb2e4b0000 - 0x00007ffb2e4e3000 	C:\WINDOWS\SYSTEM32\WINMM.dll
0x00007ffb34e00000 - 0x00007ffb34e6f000 	C:\WINDOWS\System32\WS2_32.dll
0x00007ffb334b0000 - 0x00007ffb334c8000 	C:\WINDOWS\SYSTEM32\kernel.appcore.dll
0x00007ffb11010000 - 0x00007ffb1101a000 	C:\Program Files\Java\jdk-19\bin\jimage.dll
0x00007ffb31fe0000 - 0x00007ffb32201000 	C:\WINDOWS\SYSTEM32\DBGHELP.DLL
0x00007ffb24350000 - 0x00007ffb24381000 	C:\WINDOWS\SYSTEM32\dbgcore.DLL
0x00007ffb34890000 - 0x00007ffb3490f000 	C:\WINDOWS\System32\bcryptPrimitives.dll
0x00007ffafaf30000 - 0x00007ffafaf56000 	C:\Program Files\Java\jdk-19\bin\java.dll

dbghelp: loaded successfully - version: 4.0.5 - missing functions: none
symbol engine: initialized successfully - sym options: 0x614 - pdb path: .;C:\Program Files\Java\jdk-19\bin;C:\WINDOWS\SYSTEM32;C:\WINDOWS\WinSxS\amd64_microsoft.windows.common-controls_6595b64144ccf1df_6.0.22000.120_none_9d947278b86cc467;C:\Program Files\Java\jdk-19\bin\server

VM Arguments:
java_command: com.mycompany.kasus2.UpinIpin
java_class_path (initial): C:\POLBAN\Semester 2\Teknik Pemprograman\Pertemuan 3\Praktek\Latihan\Kasus2\target\classes
Launcher Type: SUN_STANDARD

[Global flags]
     intx CICompilerCount                          = 4                                         {product} {ergonomic}
     uint ConcGCThreads                            = 2                                         {product} {ergonomic}
     uint G1ConcRefinementThreads                  = 8                                         {product} {ergonomic}
   size_t G1HeapRegionSize                         = 1048576                                   {product} {ergonomic}
    uintx GCDrainStackTargetSize                   = 64                                        {product} {ergonomic}
   size_t InitialHeapSize                          = 56623104                                  {product} {ergonomic}
   size_t MarkStackSize                            = 4194304                                   {product} {ergonomic}
   size_t MaxHeapSize                              = 903872512                                 {product} {ergonomic}
   size_t MinHeapDeltaBytes                        = 1048576                                   {product} {ergonomic}
   size_t MinHeapSize                              = 8388608                                   {product} {ergonomic}
    uintx NonNMethodCodeHeapSize                   = 5839372                                {pd product} {ergonomic}
    uintx NonProfiledCodeHeapSize                  = 122909434                              {pd product} {ergonomic}
    uintx ProfiledCodeHeapSize                     = 122909434                              {pd product} {ergonomic}
    uintx ReservedCodeCacheSize                    = 251658240                              {pd product} {ergonomic}
     bool SegmentedCodeCache                       = true                                      {product} {ergonomic}
   size_t SoftMaxHeapSize                          = 903872512                              {manageable} {ergonomic}
     bool UseCompressedClassPointers               = true                           {product lp64_product} {ergonomic}
     bool UseCompressedOops                        = true                           {product lp64_product} {ergonomic}
     bool UseG1GC                                  = true                                      {product} {ergonomic}
     bool UseLargePagesIndividualAllocation        = false                                  {pd product} {ergonomic}

Logging:
Log output configuration:
 #0: stdout all=warning uptime,level,tags foldmultilines=false
 #1: stderr all=off uptime,level,tags foldmultilines=false

Environment Variables:
JAVA_HOME=C:\Program Files\Java\jdk-19
PATH=C:\Program Files\Common Files\Oracle\Java\javapath;C:\WINDOWS\system32;C:\WINDOWS;C:\WINDOWS\System32\Wbem;C:\WINDOWS\System32\WindowsPowerShell\v1.0\;C:\WINDOWS\System32\OpenSSH\;C:\Program Files (x86)\dotnet\;C:\Program Files\Java\jdk-19\bin;C:\Program Files\Git\cmd;C:\Users\septy\AppData\Local\Microsoft\WindowsApps;C:\msys64\mingw64\bin;C:\Users\septy\AppData\Local\GitHubDesktop\bin;C:\Program Files\Java\jdk-19\bin;
USERNAME=septy
OS=Windows_NT
PROCESSOR_IDENTIFIER=AMD64 Family 23 Model 104 Stepping 1, AuthenticAMD
TMP=C:\Users\septy\AppData\Local\Temp
TEMP=C:\Users\septy\AppData\Local\Temp



---------------  S Y S T E M  ---------------

OS:
 Windows 11 , 64 bit Build 22000 (10.0.22000.1335)
OS uptime: 8 days 9:10 hours
Hyper-V role detected

CPU: total 8 (initial active 8) (8 cores per cpu, 2 threads per core) family 23 model 104 stepping 1 microcode 0x0, cx8, cmov, fxsr, ht, mmx, 3dnowpref, sse, sse2, sse3, ssse3, sse4a, sse4.1, sse4.2, popcnt, lzcnt, tsc, tscinvbit, avx, avx2, aes, clmul, bmi1, bmi2, adx, sha, fma, vzeroupper, clflush, clflushopt, hv, rdtscp, rdpid

Memory: 4k page, system-wide physical 3446M (125M free)
TotalPageFile size 14198M (AvailPageFile size 5M)
current process WorkingSet (physical memory assigned to process): 10M, peak: 10M
current process commit charge ("private bytes"): 17M, peak: 18M

vm_info: Java HotSpot(TM) 64-Bit Server VM (19.0.1+10-21) for windows-amd64 JRE (19.0.1+10-21), built on 2022-09-14T12:45:06Z by "mach5one" with MS VC++ 17.1 (VS2022)

END.
